<?xml version="1.0" encoding="UTF-8"?>
<!-- Generated by org.testng.reporters.JUnitReportReporter -->
<testsuite hostname="SHOAS" failures="0" tests="1" name="TestRunnerrrrrr.TestRunnerrrrr" time="10.685" errors="0" timestamp="2022-12-18T17:18:46 CST" skipped="0">
  <testcase classname="TestRunnerrrrrr.TestRunnerrrrr" name="feature" time="10.685"/>
  <system-out/>
</testsuite> <!-- TestRunnerrrrrr.TestRunnerrrrr -->
