<?xml version="1.0" encoding="UTF-8"?>
<!-- Generated by org.testng.reporters.JUnitReportReporter -->
<testsuite hostname="SHOAS" failures="0" tests="2" name="TestRunnerrrrrr.TestRunnerrrrr" time="23.700" errors="0" timestamp="2022-12-18T17:32:38 CST" skipped="0">
  <testcase classname="TestRunnerrrrrr.TestRunnerrrrr" name="feature" time="12.828"/>
  <system-out/>
  <testcase classname="TestRunnerrrrrr.TestRunnerrrrr" name="feature" time="10.872"/>
  <system-out/>
</testsuite> <!-- TestRunnerrrrrr.TestRunnerrrrr -->
